<?xml version="1.0" encoding="UTF-8"?>
<testsuite xmlns:xsi="http://www.w3.org/2001/XMLSchema-instance" xsi:noNamespaceSchemaLocation="https://maven.apache.org/surefire/maven-surefire-plugin/xsd/surefire-test-report.xsd" name="com.hitema.dao.CountryDaoImplTest" time="1.208" tests="2" errors="0" skipped="1" failures="0">
  <properties>
[...]
</properties>
  <testcase name="create" classname="com.hitema.dao.CountryDaoImplTest" time="0">
    <skipped message="public void com.hitema.dao.CountryDaoImplTest.create() is @Disabled"/>
    <system-out><![CDATA[16:24:23,313 |-INFO in ch.qos.logback.classic.LoggerContext[default] - This is logback-classic version 1.4.6
16:24:23,329 |-INFO in ch.qos.logback.classic.LoggerContext[default] - Could NOT find resource [logback-test.xml]
16:24:23,331 |-INFO in ch.qos.logback.classic.LoggerContext[default] - Found resource [logback.xml] at [file:/Users/mohamad-alkhatib/Desktop/h3hitema/M1/Java/Correction/jee-hibernate-sakila/target/test-classes/logback.xml]
16:24:23,331 |-WARN in ch.qos.logback.classic.util.DefaultJoranConfigurator@11bd0f3b - Resource [logback.xml] occurs multiple times on the classpath.
16:24:23,332 |-WARN in ch.qos.logback.classic.util.DefaultJoranConfigurator@11bd0f3b - Resource [logback.xml] occurs at [file:/Users/mohamad-alkhatib/Desktop/h3hitema/M1/Java/Correction/jee-hibernate-sakila/target/classes/logback.xml]
16:24:23,332 |-WARN in ch.qos.logback.classic.util.DefaultJoranConfigurator@11bd0f3b - Resource [logback.xml] occurs at [file:/Users/mohamad-alkhatib/Desktop/h3hitema/M1/Java/Correction/jee-hibernate-sakila/target/test-classes/logback.xml]
16:24:23,395 |-INFO in ch.qos.logback.core.model.processor.AppenderModelHandler - Processing appender named [STDOUT]
16:24:23,395 |-INFO in ch.qos.logback.core.model.processor.AppenderModelHandler - About to instantiate appender of type [ch.qos.logback.core.ConsoleAppender]
16:24:23,398 |-INFO in ch.qos.logback.core.model.processor.ImplicitModelHandler - Assuming default type [ch.qos.logback.classic.encoder.PatternLayoutEncoder] for [encoder] property
16:24:23,426 |-INFO in ch.qos.logback.classic.model.processor.RootLoggerModelHandler - Setting level of ROOT logger to INFO
16:24:23,426 |-INFO in ch.qos.logback.core.model.processor.AppenderRefModelHandler - Attaching appender named [STDOUT] to Logger[ROOT]
16:24:23,427 |-INFO in ch.qos.logback.classic.model.processor.LoggerModelHandler - Setting level of logger [com.hitema] to TRACE
16:24:23,427 |-INFO in ch.qos.logback.core.model.processor.DefaultProcessor@c333c60 - End of configuration.
16:24:23,428 |-INFO in ch.qos.logback.classic.joran.JoranConfigurator@79da8dc5 - Registering current configuration as safe fallback point

]]></system-out>
  </testcase>
  <testcase name="read" classname="com.hitema.dao.CountryDaoImplTest" time="1.076"/>
</testsuite>