<?xml version="1.0" encoding="UTF-8"?>
<testsuite xmlns:xsi="http://www.w3.org/2001/XMLSchema-instance" xsi:noNamespaceSchemaLocation="https://maven.apache.org/surefire/maven-surefire-plugin/xsd/surefire-test-report.xsd" name="com.hitema.dao.FilmDaoImplTest" time="0.375" tests="6" errors="0" skipped="1" failures="0">
  <properties>
[...]
</properties>
  <testcase name="searchByTitle" classname="com.hitema.dao.FilmDaoImplTest" time="0.264"/>
  <testcase name="create" classname="com.hitema.dao.FilmDaoImplTest" time="0">
    <skipped message="Le READ n&apos;est encore implementé !!!!"/>
  </testcase>
  <testcase name="read" classname="com.hitema.dao.FilmDaoImplTest" time="0.007"/>
  <testcase name="filmAndActors" classname="com.hitema.dao.FilmDaoImplTest" time="0.021"/>
  <testcase name="testActorByFilm" classname="com.hitema.dao.FilmDaoImplTest" time="0.08"/>
  <testcase name="logdemo" classname="com.hitema.dao.FilmDaoImplTest" time="0"/>
</testsuite>